
up to date, audited 150 packages in 3s

24 packages are looking for funding
  run `npm fund` for details

found 0 vulnerabilities

> backend@1.0.0 dev
> nodemon src/server.js

[33m[nodemon] 3.1.10[39m
[33m[nodemon] to restart at any time, enter `rs`[39m
[33m[nodemon] watching path(s): *.*[39m
[33m[nodemon] watching extensions: js,mjs,cjs,json[39m
[32m[nodemon] starting `node src/server.js`[39m
[dotenv@17.2.3] injecting env (8) from src/.env -- tip: 🗂️ backup and recover secrets: https://dotenvx.com/ops
[dotenv@17.2.3] injecting env (0) from .env -- tip: ⚙️  write to custom object with { processEnv: myObject }
[dotenv@17.2.3] injecting env (0) from .env -- tip: ⚙️  write to custom object with { processEnv: myObject }
Server is running on http://localhost:5000
MongoDB connected: ac-5pdugs8-shard-00-00.pqzslj3.mongodb.net
Attempting to verify JWT...
Cookies:  [Object: null prototype] {}
Token:  eyJhbGciOiJIUzI1NiIsInR5cCI6IkpXVCJ9.eyJpZCI6IjY5MDEwNGQ0NTY1ZDdkZDBjNjZjM2Y5NSIsImlhdCI6MTc2MTczMDA2NCwiZXhwIjoxNzYxNzMzNjY0fQ.KzHRZd8DVCoPJh7euxDGuiU7KSw59LaUAthslqyDRKI
Decoded token:  { id: '690104d4565d7dd0c66c3f95', iat: 1761730064, exp: 1761733664 }
Attempting to verify JWT...
Cookies:  [Object: null prototype] {}
Token:  eyJhbGciOiJIUzI1NiIsInR5cCI6IkpXVCJ9.eyJpZCI6IjY5MDEwNGQ0NTY1ZDdkZDBjNjZjM2Y5NSIsImlhdCI6MTc2MTczMDA2NCwiZXhwIjoxNzYxNzMzNjY0fQ.KzHRZd8DVCoPJh7euxDGuiU7KSw59LaUAthslqyDRKI
Decoded token:  { id: '690104d4565d7dd0c66c3f95', iat: 1761730064, exp: 1761733664 }
Attempting to verify JWT...
Cookies:  [Object: null prototype] {}
Token:  eyJhbGciOiJIUzI1NiIsInR5cCI6IkpXVCJ9.eyJpZCI6IjY5MDEwNGQ0NTY1ZDdkZDBjNjZjM2Y5NSIsImlhdCI6MTc2MTczMDA2NCwiZXhwIjoxNzYxNzMzNjY0fQ.KzHRZd8DVCoPJh7euxDGuiU7KSw59LaUAthslqyDRKI
Decoded token:  { id: '690104d4565d7dd0c66c3f95', iat: 1761730064, exp: 1761733664 }
Attempting to verify JWT...
Cookies:  [Object: null prototype] {}
Token:  eyJhbGciOiJIUzI1NiIsInR5cCI6IkpXVCJ9.eyJpZCI6IjY5MDEwNGQ0NTY1ZDdkZDBjNjZjM2Y5NSIsImlhdCI6MTc2MTczMDA2NCwiZXhwIjoxNzYxNzMzNjY0fQ.KzHRZd8DVCoPJh7euxDGuiU7KSw59LaUAthslqyDRKI
Decoded token:  { id: '690104d4565d7dd0c66c3f95', iat: 1761730064, exp: 1761733664 }
Attempting to verify JWT...
Cookies:  [Object: null prototype] {}
Token:  eyJhbGciOiJIUzI1NiIsInR5cCI6IkpXVCJ9.eyJpZCI6IjY5MDEwNGQ0NTY1ZDdkZDBjNjZjM2Y5NSIsImlhdCI6MTc2MTczMDA2NCwiZXhwIjoxNzYxNzMzNjY0fQ.KzHRZd8DVCoPJh7euxDGuiU7KSw59LaUAthslqyDRKI
Decoded token:  { id: '690104d4565d7dd0c66c3f95', iat: 1761730064, exp: 1761733664 }
Attempting to verify JWT...
Cookies:  [Object: null prototype] {}
Token:  eyJhbGciOiJIUzI1NiIsInR5cCI6IkpXVCJ9.eyJpZCI6IjY5MDEwNGQ0NTY1ZDdkZDBjNjZjM2Y5NSIsImlhdCI6MTc2MTczMDA2NCwiZXhwIjoxNzYxNzMzNjY0fQ.KzHRZd8DVCoPJh7euxDGuiU7KSw59LaUAthslqyDRKI
Decoded token:  { id: '690104d4565d7dd0c66c3f95', iat: 1761730064, exp: 1761733664 }
❌ Failed to send email:
Error: connect ECONNREFUSED 127.0.0.1:587
    at TCPConnectWrap.afterConnect [as oncomplete] (node:net:1611:16) {
  errno: -111,
  code: 'ESOCKET',
  syscall: 'connect',
  address: '127.0.0.1',
  port: 587,
  command: 'CONN'
}
Attempting to verify JWT...
Cookies:  [Object: null prototype] {}
Token:  eyJhbGciOiJIUzI1NiIsInR5cCI6IkpXVCJ9.eyJpZCI6IjY5MDEwNGQ0NTY1ZDdkZDBjNjZjM2Y5NSIsImlhdCI6MTc2MTczMDA2NCwiZXhwIjoxNzYxNzMzNjY0fQ.KzHRZd8DVCoPJh7euxDGuiU7KSw59LaUAthslqyDRKI
Decoded token:  { id: '690104d4565d7dd0c66c3f95', iat: 1761730064, exp: 1761733664 }
Attempting to verify JWT...
Cookies:  [Object: null prototype] {}
Token:  eyJhbGciOiJIUzI1NiIsInR5cCI6IkpXVCJ9.eyJpZCI6IjY5MDEwNGQ0NTY1ZDdkZDBjNjZjM2Y5NSIsImlhdCI6MTc2MTczMDA2NCwiZXhwIjoxNzYxNzMzNjY0fQ.KzHRZd8DVCoPJh7euxDGuiU7KSw59LaUAthslqyDRKI
Decoded token:  { id: '690104d4565d7dd0c66c3f95', iat: 1761730064, exp: 1761733664 }
Attempting to verify JWT...
Cookies:  [Object: null prototype] {}
Token:  eyJhbGciOiJIUzI1NiIsInR5cCI6IkpXVCJ9.eyJpZCI6IjY5MDEwNGQ0NTY1ZDdkZDBjNjZjM2Y5NSIsImlhdCI6MTc2MTczMDA2NCwiZXhwIjoxNzYxNzMzNjY0fQ.KzHRZd8DVCoPJh7euxDGuiU7KSw59LaUAthslqyDRKI
Decoded token:  { id: '690104d4565d7dd0c66c3f95', iat: 1761730064, exp: 1761733664 }
