
up to date, audited 147 packages in 3s

24 packages are looking for funding
  run `npm fund` for details

found 0 vulnerabilities

> service@1.0.0 dev
> nodemon src/index.js

[33m[nodemon] 3.1.10[39m
[33m[nodemon] to restart at any time, enter `rs`[39m
[33m[nodemon] watching path(s): *.*[39m
[33m[nodemon] watching extensions: js,mjs,cjs,json[39m
[32m[nodemon] starting `node src/index.js`[39m
[dotenv@17.2.3] injecting env (1) from .env -- tip: ⚙️  enable debug logging with { debug: true }
Server is running on port 3000
MongoDB connected: ac-5pdugs8-shard-00-00.pqzslj3.mongodb.net

-- Running Monitoring Scheduler --

🔍 Monitoring required for: Rajeev Kumar (www.zyz.com)
   - Result: OFFLINE (211.5789950000035ms)
   - Error: connect ECONNREFUSED 66.39.157.6:443

🔍 Monitoring required for: My Production Website (http://elonerajeev.org.in/)
   - Result: OFFLINE (85.40770500000508ms)
   - Error: getaddrinfo ENOTFOUND elonerajeev.org.in

🔍 Monitoring required for: Elonerajeev (www.google.com)
   - Result: ONLINE (56.89659400000528ms)

🔍 Monitoring required for: Main Website - Example.com (https://example.com/)
   - Result: ONLINE (496.6504769999883ms)

-- Monitoring Scheduler Finished --

-- Running Monitoring Scheduler --

🔍 Monitoring required for: Rajeev Kumar (www.zyz.com)
   - Result: OFFLINE (689.7968429999892ms)
   - Error: connect ECONNREFUSED 66.39.157.6:443

🔍 Monitoring required for: My Production Website (http://elonerajeev.org.in/)
   - Result: OFFLINE (84.49958199996036ms)
   - Error: getaddrinfo ENOTFOUND elonerajeev.org.in

🔍 Monitoring required for: Elonerajeev (www.google.com)
   - Result: ONLINE (65.10671500000171ms)

🔍 Monitoring required for: Main Website - Example.com (https://example.com/)
   - Result: ONLINE (488.2255679999944ms)

🔍 Monitoring required for: GitHub (https://github.com/)
   - Result: ONLINE (288.2738290000125ms)

-- Monitoring Scheduler Finished --
